Determining if the C compiler works failed with the following output:
Change Dir: C:/Users/dell/Desktop/月照花林皆似霰/课程/数据结构/2/tree/cmake-build-debug/CMakeFiles/CMakeTmp

Run Build Command:"C:/PROGRA~1/mingw-w64/mingw64/bin/mingw32-make.exe" "cmTC_37fcb/fast"
C:/PROGRA~1/mingw-w64/mingw64/bin/mingw32-make.exe -f CMakeFiles\cmTC_37fcb.dir\build.make CMakeFiles/cmTC_37fcb.dir/build
mingw32-make.exe[1]: Entering directory 'C:/Users/dell/Desktop/月照花林皆似霰/课程/数据结构/2/tree/cmake-build-debug/CMakeFiles/CMakeTmp'
Building C object CMakeFiles/cmTC_37fcb.dir/testCCompiler.c.obj
C:\PROGRA~1\mingw-w64\mingw64\bin\gcc.exe    -o CMakeFiles\cmTC_37fcb.dir\testCCompiler.c.obj   -c C:\Users\dell\Desktop\鏈堢収鑺辨灄鐨嗕技闇癨璇剧▼\鏁版嵁缁撴瀯\2\tree\cmake-build-debug\CMakeFiles\CMakeTmp\testCCompiler.c
gcc.exe: error: C:\Users\dell\Desktop\鏈堢収鑺辨灄鐨嗕技闇癨璇剧▼\鏁版嵁缁撴瀯\2\tree\cmake-build-debug\CMakeFiles\CMakeTmp\testCCompiler.c: No such file or directory
gcc.exe: fatal error: no input files
compilation terminated.
mingw32-make.exe[1]: *** [CMakeFiles\cmTC_37fcb.dir\build.make:65: CMakeFiles/cmTC_37fcb.dir/testCCompiler.c.obj] Error 1
mingw32-make.exe[1]: Leaving directory 'C:/Users/dell/Desktop/月照花林皆似霰/课程/数据结构/2/tree/cmake-build-debug/CMakeFiles/CMakeTmp'
mingw32-make.exe: *** [Makefile:120: cmTC_37fcb/fast] Error 2


Determining if the C compiler works failed with the following output:
Change Dir: C:/Users/dell/Desktop/月照花林皆似霰/课程/数据结构/2/tree/cmake-build-debug/CMakeFiles/CMakeTmp

Run Build Command:"C:/PROGRA~1/mingw-w64/mingw64/bin/mingw32-make.exe" "cmTC_c1c49/fast"
C:/PROGRA~1/mingw-w64/mingw64/bin/mingw32-make.exe -f CMakeFiles\cmTC_c1c49.dir\build.make CMakeFiles/cmTC_c1c49.dir/build
mingw32-make.exe[1]: Entering directory 'C:/Users/dell/Desktop/月照花林皆似霰/课程/数据结构/2/tree/cmake-build-debug/CMakeFiles/CMakeTmp'
Building C object CMakeFiles/cmTC_c1c49.dir/testCCompiler.c.obj
C:\PROGRA~1\mingw-w64\mingw64\bin\gcc.exe    -o CMakeFiles\cmTC_c1c49.dir\testCCompiler.c.obj   -c C:\Users\dell\Desktop\鏈堢収鑺辨灄鐨嗕技闇癨璇剧▼\鏁版嵁缁撴瀯\2\tree\cmake-build-debug\CMakeFiles\CMakeTmp\testCCompiler.c
gcc.exe: error: C:\Users\dell\Desktop\鏈堢収鑺辨灄鐨嗕技闇癨璇剧▼\鏁版嵁缁撴瀯\2\tree\cmake-build-debug\CMakeFiles\CMakeTmp\testCCompiler.c: No such file or directory
gcc.exe: fatal error: no input files
compilation terminated.
mingw32-make.exe[1]: *** [CMakeFiles\cmTC_c1c49.dir\build.make:65: CMakeFiles/cmTC_c1c49.dir/testCCompiler.c.obj] Error 1
mingw32-make.exe[1]: Leaving directory 'C:/Users/dell/Desktop/月照花林皆似霰/课程/数据结构/2/tree/cmake-build-debug/CMakeFiles/CMakeTmp'
mingw32-make.exe: *** [Makefile:120: cmTC_c1c49/fast] Error 2


